# JRE version: OpenJDK Runtime Environment (11.0.10) (build 11.0.10+0-b96-7249189)
# Java VM: OpenJDK 64-Bit Server VM (11.0.10+0-b96-7249189, mixed mode, tiered, compressed oops, g1 gc, windows-amd64)
Heap:
 garbage-first heap   total 251904K, used 58365K [0x0000000080000000, 0x0000000100000000)
  region size 1024K, 42 young (43008K), 2 survivors (2048K)
 Metaspace       used 28344K, capacity 29054K, committed 29184K, reserved 1075200K
  class space    used 3779K, capacity 4030K, committed 4096K, reserved 1048576K
GC Heap History (6 events):
Event: 10.248 GC heap before
{Heap before GC invocations=0 (full 0):
 garbage-first heap   total 251904K, used 29696K [0x0000000080000000, 0x0000000100000000)
  region size 1024K, 24 young (24576K), 0 survivors (0K)
 Metaspace       used 10206K, capacity 10427K, committed 10624K, reserved 1058816K
  class space    used 1066K, capacity 1141K, committed 1152K, reserved 1048576K
}
Event: 10.253 GC heap after
{Heap after GC invocations=1 (full 0):
 garbage-first heap   total 251904K, used 9208K [0x0000000080000000, 0x0000000100000000)
  region size 1024K, 3 young (3072K), 3 survivors (3072K)
 Metaspace       used 10206K, capacity 10427K, committed 10624K, reserved 1058816K
  class space    used 1066K, capacity 1141K, committed 1152K, reserved 1048576K
}
Event: 20.751 GC heap before
{Heap before GC invocations=1 (full 0):
 garbage-first heap   total 251904K, used 103416K [0x0000000080000000, 0x0000000100000000)
  region size 1024K, 96 young (98304K), 3 survivors (3072K)
 Metaspace       used 20544K, capacity 21092K, committed 21248K, reserved 1067008K
  class space    used 2508K, capacity 2690K, committed 2816K, reserved 1048576K
}
Event: 20.758 GC heap after
{Heap after GC invocations=2 (full 0):
 garbage-first heap   total 251904K, used 16544K [0x0000000080000000, 0x0000000100000000)
  region size 1024K, 11 young (11264K), 11 survivors (11264K)
 Metaspace       used 20544K, capacity 21092K, committed 21248K, reserved 1067008K
  class space    used 2508K, capacity 2690K, committed 2816K, reserved 1048576K
}
Event: 21.366 GC heap before
{Heap before GC invocations=3 (full 0):
 garbage-first heap   total 251904K, used 58528K [0x0000000080000000, 0x0000000100000000)
  region size 1024K, 52 young (53248K), 11 survivors (11264K)
 Metaspace       used 24728K, capacity 25344K, committed 25472K, reserved 1071104K
  class space    used 3194K, capacity 3388K, committed 3456K, reserved 1048576K
}
Event: 21.371 GC heap after
{Heap after GC invocations=4 (full 0):
 garbage-first heap   total 251904K, used 18429K [0x0000000080000000, 0x0000000100000000)
  region size 1024K, 2 young (2048K), 2 survivors (2048K)
 Metaspace       used 24728K, capacity 25344K, committed 25472K, reserved 1071104K
  class space    used 3194K, capacity 3388K, committed 3456K, reserved 1048576K
}

