# JRE version: OpenJDK Runtime Environment (11.0.10) (build 11.0.10+0-b96-7249189)
# Java VM: OpenJDK 64-Bit Server VM (11.0.10+0-b96-7249189, mixed mode, tiered, compressed oops, g1 gc, windows-amd64)
Heap:
 garbage-first heap   total 508928K, used 377471K [0x0000000080000000, 0x0000000100000000)
  region size 1024K, 98 young (100352K), 7 survivors (7168K)
 Metaspace       used 162989K, capacity 169311K, committed 169464K, reserved 1196032K
  class space    used 20160K, capacity 22473K, committed 22604K, reserved 1048576K
GC Heap History (20 events):
Event: 5961.951 GC heap before
{Heap before GC invocations=143 (full 0):
 garbage-first heap   total 508928K, used 262912K [0x0000000080000000, 0x0000000100000000)
  region size 1024K, 8 young (8192K), 3 survivors (3072K)
 Metaspace       used 162430K, capacity 168806K, committed 169208K, reserved 1196032K
  class space    used 20099K, capacity 22398K, committed 22604K, reserved 1048576K
}
Event: 5961.958 GC heap after
{Heap after GC invocations=144 (full 0):
 garbage-first heap   total 508928K, used 258476K [0x0000000080000000, 0x0000000100000000)
  region size 1024K, 2 young (2048K), 2 survivors (2048K)
 Metaspace       used 162430K, capacity 168806K, committed 169208K, reserved 1196032K
  class space    used 20099K, capacity 22398K, committed 22604K, reserved 1048576K
}
Event: 5965.874 GC heap before
{Heap before GC invocations=145 (full 0):
 garbage-first heap   total 508928K, used 419244K [0x0000000080000000, 0x0000000100000000)
  region size 1024K, 135 young (138240K), 2 survivors (2048K)
 Metaspace       used 162525K, capacity 168900K, committed 169208K, reserved 1196032K
  class space    used 20114K, capacity 22408K, committed 22604K, reserved 1048576K
}
Event: 5965.884 GC heap after
{Heap after GC invocations=146 (full 0):
 garbage-first heap   total 508928K, used 272272K [0x0000000080000000, 0x0000000100000000)
  region size 1024K, 10 young (10240K), 10 survivors (10240K)
 Metaspace       used 162525K, capacity 168900K, committed 169208K, reserved 1196032K
  class space    used 20114K, capacity 22408K, committed 22604K, reserved 1048576K
}
Event: 5965.973 GC heap before
{Heap before GC invocations=146 (full 0):
 garbage-first heap   total 508928K, used 285584K [0x0000000080000000, 0x0000000100000000)
  region size 1024K, 24 young (24576K), 10 survivors (10240K)
 Metaspace       used 162681K, capacity 169020K, committed 169464K, reserved 1196032K
  class space    used 20143K, capacity 22447K, committed 22604K, reserved 1048576K
}
Event: 5965.981 GC heap after
{Heap after GC invocations=147 (full 0):
 garbage-first heap   total 508928K, used 254391K [0x0000000080000000, 0x0000000100000000)
  region size 1024K, 2 young (2048K), 2 survivors (2048K)
 Metaspace       used 162681K, capacity 169020K, committed 169464K, reserved 1196032K
  class space    used 20143K, capacity 22447K, committed 22604K, reserved 1048576K
}
Event: 5966.084 GC heap before
{Heap before GC invocations=147 (full 0):
 garbage-first heap   total 508928K, used 255415K [0x0000000080000000, 0x0000000100000000)
  region size 1024K, 4 young (4096K), 2 survivors (2048K)
 Metaspace       used 162696K, capacity 169030K, committed 169464K, reserved 1196032K
  class space    used 20145K, capacity 22451K, committed 22604K, reserved 1048576K
}
Event: 5966.088 GC heap after
{Heap after GC invocations=148 (full 0):
 garbage-first heap   total 508928K, used 253441K [0x0000000080000000, 0x0000000100000000)
  region size 1024K, 1 young (1024K), 1 survivors (1024K)
 Metaspace       used 162696K, capacity 169030K, committed 169464K, reserved 1196032K
  class space    used 20145K, capacity 22451K, committed 22604K, reserved 1048576K
}
Event: 6130.300 GC heap before
{Heap before GC invocations=149 (full 0):
 garbage-first heap   total 508928K, used 389633K [0x0000000080000000, 0x0000000100000000)
  region size 1024K, 151 young (154624K), 1 survivors (1024K)
 Metaspace       used 162953K, capacity 169311K, committed 169464K, reserved 1196032K
  class space    used 20160K, capacity 22473K, committed 22604K, reserved 1048576K
}
Event: 6130.314 GC heap after
{Heap after GC invocations=150 (full 0):
 garbage-first heap   total 508928K, used 217108K [0x0000000080000000, 0x0000000100000000)
  region size 1024K, 16 young (16384K), 16 survivors (16384K)
 Metaspace       used 162953K, capacity 169311K, committed 169464K, reserved 1196032K
  class space    used 20160K, capacity 22473K, committed 22604K, reserved 1048576K
}
Event: 6130.335 GC heap before
{Heap before GC invocations=150 (full 0):
 garbage-first heap   total 508928K, used 227348K [0x0000000080000000, 0x0000000100000000)
  region size 1024K, 24 young (24576K), 16 survivors (16384K)
 Metaspace       used 162954K, capacity 169311K, committed 169464K, reserved 1196032K
  class space    used 20160K, capacity 22473K, committed 22604K, reserved 1048576K
}
Event: 6130.355 GC heap after
{Heap after GC invocations=151 (full 0):
 garbage-first heap   total 508928K, used 192241K [0x0000000080000000, 0x0000000100000000)
  region size 1024K, 3 young (3072K), 3 survivors (3072K)
 Metaspace       used 162954K, capacity 169311K, committed 169464K, reserved 1196032K
  class space    used 20160K, capacity 22473K, committed 22604K, reserved 1048576K
}
Event: 6130.483 GC heap before
{Heap before GC invocations=151 (full 0):
 garbage-first heap   total 508928K, used 269041K [0x0000000080000000, 0x0000000100000000)
  region size 1024K, 80 young (81920K), 3 survivors (3072K)
 Metaspace       used 162954K, capacity 169311K, committed 169464K, reserved 1196032K
  class space    used 20160K, capacity 22473K, committed 22604K, reserved 1048576K
}
Event: 6130.515 GC heap after
{Heap after GC invocations=152 (full 0):
 garbage-first heap   total 508928K, used 233224K [0x0000000080000000, 0x0000000100000000)
  region size 1024K, 25 young (25600K), 25 survivors (25600K)
 Metaspace       used 162954K, capacity 169311K, committed 169464K, reserved 1196032K
  class space    used 20160K, capacity 22473K, committed 22604K, reserved 1048576K
}
Event: 6131.145 GC heap before
{Heap before GC invocations=153 (full 0):
 garbage-first heap   total 508928K, used 372488K [0x0000000080000000, 0x0000000100000000)
  region size 1024K, 143 young (146432K), 25 survivors (25600K)
 Metaspace       used 162959K, capacity 169311K, committed 169464K, reserved 1196032K
  class space    used 20160K, capacity 22473K, committed 22604K, reserved 1048576K
}
Event: 6131.186 GC heap after
{Heap after GC invocations=154 (full 0):
 garbage-first heap   total 508928K, used 270239K [0x0000000080000000, 0x0000000100000000)
  region size 1024K, 18 young (18432K), 18 survivors (18432K)
 Metaspace       used 162959K, capacity 169311K, committed 169464K, reserved 1196032K
  class space    used 20160K, capacity 22473K, committed 22604K, reserved 1048576K
}
Event: 6131.220 GC heap before
{Heap before GC invocations=154 (full 0):
 garbage-first heap   total 508928K, used 280479K [0x0000000080000000, 0x0000000100000000)
  region size 1024K, 24 young (24576K), 18 survivors (18432K)
 Metaspace       used 162959K, capacity 169311K, committed 169464K, reserved 1196032K
  class space    used 20160K, capacity 22473K, committed 22604K, reserved 1048576K
}
Event: 6131.241 GC heap after
{Heap after GC invocations=155 (full 0):
 garbage-first heap   total 508928K, used 259296K [0x0000000080000000, 0x0000000100000000)
  region size 1024K, 3 young (3072K), 3 survivors (3072K)
 Metaspace       used 162959K, capacity 169311K, committed 169464K, reserved 1196032K
  class space    used 20160K, capacity 22473K, committed 22604K, reserved 1048576K
}
Event: 6131.263 GC heap before
{Heap before GC invocations=155 (full 0):
 garbage-first heap   total 508928K, used 284896K [0x0000000080000000, 0x0000000100000000)
  region size 1024K, 29 young (29696K), 3 survivors (3072K)
 Metaspace       used 162959K, capacity 169311K, committed 169464K, reserved 1196032K
  class space    used 20160K, capacity 22473K, committed 22604K, reserved 1048576K
}
Event: 6131.271 GC heap after
{Heap after GC invocations=156 (full 0):
 garbage-first heap   total 508928K, used 262783K [0x0000000080000000, 0x0000000100000000)
  region size 1024K, 7 young (7168K), 7 survivors (7168K)
 Metaspace       used 162959K, capacity 169311K, committed 169464K, reserved 1196032K
  class space    used 20160K, capacity 22473K, committed 22604K, reserved 1048576K
}

